2021-02-06 01:37:55 |        train.py |    INFO |   <module> | Configurations ...
2021-02-06 01:37:55 |        train.py |    INFO |   <module> | n_train_samples = 100000
n_valid_samples = 10000
max_n_elements = 10
function = lambda x: torch.min(x[x > 0], dim=-1)
train_path = data/train.pkl
valid_path = data/valid.pkl
save_path = checkpoint
device = cuda
n_epochs = 10
batch_sz = 128
save_step = 100
log_every = 100
learning_rate = 0.0001
gradient_accumulation_step = 1
weight_decay = 0.0
optimizer = Adam
criterion = L1Loss
d_embed = 100
d_hidden = 30
activation = Tanh
seed = 42

2021-02-06 01:37:55 |        train.py |    INFO |   <module> | Setting seed to 42 ...
2021-02-06 01:37:55 |        train.py |    INFO |   <module> | Begin Training ...
2021-02-06 01:38:04 |        train.py |    INFO |      train | DigitFuncApproximator(
  (embed): Embedding(11, 100, padding_idx=0)
  (dense): Linear(in_features=100, out_features=30, bias=True)
  (actvt): Tanh()
  (encde): Linear(in_features=30, out_features=1, bias=True)
)
2021-02-06 01:38:06 |        train.py |    INFO |      train | Begin Epoch 0 ...
2021-02-06 01:38:06 |        train.py |    INFO |      train | Epoch 0.1278772378516624 Loss : 1.572786808013916
2021-02-06 01:38:06 |        train.py |    INFO |      train | Validation Accuracy : 0.4192
2021-02-06 01:38:06 |        train.py |    INFO |      train | Best validation metric found ... Saving ...
2021-02-06 01:38:07 |        train.py |    INFO |      train | Epoch 0.2557544757033248 Loss : 1.1465493440628052
2021-02-06 01:38:07 |        train.py |    INFO |      train | Validation Accuracy : 0.4495
2021-02-06 01:38:07 |        train.py |    INFO |      train | Best validation metric found ... Saving ...
2021-02-06 01:38:07 |        train.py |    INFO |      train | Epoch 0.3836317135549872 Loss : 1.0124094486236572
2021-02-06 01:38:07 |        train.py |    INFO |      train | Validation Accuracy : 0.4974
2021-02-06 01:38:07 |        train.py |    INFO |      train | Best validation metric found ... Saving ...
2021-02-06 01:38:08 |        train.py |    INFO |      train | Epoch 0.5115089514066496 Loss : 0.9650635719299316
2021-02-06 01:38:08 |        train.py |    INFO |      train | Validation Accuracy : 0.5367
2021-02-06 01:38:08 |        train.py |    INFO |      train | Best validation metric found ... Saving ...
2021-02-06 01:38:08 |        train.py |    INFO |      train | Epoch 0.639386189258312 Loss : 0.9569292068481445
2021-02-06 01:38:08 |        train.py |    INFO |      train | Validation Accuracy : 0.5296
2021-02-06 01:38:09 |        train.py |    INFO |      train | Epoch 0.7672634271099744 Loss : 0.9374986886978149
2021-02-06 01:38:09 |        train.py |    INFO |      train | Validation Accuracy : 0.5313
2021-02-06 01:38:09 |        train.py |    INFO |      train | Epoch 0.8951406649616368 Loss : 0.9017730951309204
2021-02-06 01:38:09 |        train.py |    INFO |      train | Validation Accuracy : 0.5282
2021-02-06 01:38:09 |        train.py |    INFO |      train | Begin Epoch 1 ...
2021-02-06 01:38:10 |        train.py |    INFO |      train | Epoch 1.1278772378516624 Loss : 1.0194469690322876
2021-02-06 01:38:10 |        train.py |    INFO |      train | Validation Accuracy : 0.4514
2021-02-06 01:38:10 |        train.py |    INFO |      train | Epoch 1.2557544757033248 Loss : 1.010007381439209
2021-02-06 01:38:10 |        train.py |    INFO |      train | Validation Accuracy : 0.4313
2021-02-06 01:38:11 |        train.py |    INFO |      train | Epoch 1.3836317135549872 Loss : 0.8451404571533203
2021-02-06 01:38:11 |        train.py |    INFO |      train | Validation Accuracy : 0.4271
2021-02-06 01:38:11 |        train.py |    INFO |      train | Epoch 1.5115089514066495 Loss : 0.786180853843689
2021-02-06 01:38:11 |        train.py |    INFO |      train | Validation Accuracy : 0.4165
2021-02-06 01:38:12 |        train.py |    INFO |      train | Epoch 1.6393861892583121 Loss : 0.7315264940261841
2021-02-06 01:38:12 |        train.py |    INFO |      train | Validation Accuracy : 0.4195
2021-02-06 01:38:12 |        train.py |    INFO |      train | Epoch 1.7672634271099743 Loss : 0.956447958946228
2021-02-06 01:38:12 |        train.py |    INFO |      train | Validation Accuracy : 0.4167
2021-02-06 01:38:13 |        train.py |    INFO |      train | Epoch 1.895140664961637 Loss : 0.8630157113075256
2021-02-06 01:38:13 |        train.py |    INFO |      train | Validation Accuracy : 0.4207
2021-02-06 01:38:13 |        train.py |    INFO |      train | Begin Epoch 2 ...
2021-02-06 01:38:13 |        train.py |    INFO |      train | Epoch 2.1278772378516626 Loss : 0.746523380279541
2021-02-06 01:38:14 |        train.py |    INFO |      train | Validation Accuracy : 0.3832
2021-02-06 01:38:14 |        train.py |    INFO |      train | Epoch 2.2557544757033248 Loss : 0.9924528002738953
2021-02-06 01:38:14 |        train.py |    INFO |      train | Validation Accuracy : 0.4147
2021-02-06 01:38:14 |        train.py |    INFO |      train | Epoch 2.3836317135549874 Loss : 0.911219596862793
2021-02-06 01:38:14 |        train.py |    INFO |      train | Validation Accuracy : 0.4194
2021-02-06 01:38:15 |        train.py |    INFO |      train | Epoch 2.5115089514066495 Loss : 0.8814621567726135
2021-02-06 01:38:15 |        train.py |    INFO |      train | Validation Accuracy : 0.4023
2021-02-06 01:38:15 |        train.py |    INFO |      train | Epoch 2.639386189258312 Loss : 0.8598272204399109
2021-02-06 01:38:15 |        train.py |    INFO |      train | Validation Accuracy : 0.4134
2021-02-06 01:38:16 |        train.py |    INFO |      train | Epoch 2.7672634271099743 Loss : 0.9270042181015015
2021-02-06 01:38:16 |        train.py |    INFO |      train | Validation Accuracy : 0.4188
2021-02-06 01:38:16 |        train.py |    INFO |      train | Epoch 2.895140664961637 Loss : 0.838701069355011
2021-02-06 01:38:16 |        train.py |    INFO |      train | Validation Accuracy : 0.417
2021-02-06 01:38:17 |        train.py |    INFO |      train | Begin Epoch 3 ...
2021-02-06 01:38:17 |        train.py |    INFO |      train | Epoch 3.1278772378516626 Loss : 0.8861290216445923
2021-02-06 01:38:17 |        train.py |    INFO |      train | Validation Accuracy : 0.4205
2021-02-06 01:38:17 |        train.py |    INFO |      train | Epoch 3.2557544757033248 Loss : 0.8687702417373657
2021-02-06 01:38:18 |        train.py |    INFO |      train | Validation Accuracy : 0.3986
2021-02-06 01:38:18 |        train.py |    INFO |      train | Epoch 3.3836317135549874 Loss : 1.1178003549575806
2021-02-06 01:38:18 |        train.py |    INFO |      train | Validation Accuracy : 0.4262
2021-02-06 01:38:18 |        train.py |    INFO |      train | Epoch 3.5115089514066495 Loss : 1.1549336910247803
2021-02-06 01:38:19 |        train.py |    INFO |      train | Validation Accuracy : 0.4002
2021-02-06 01:38:19 |        train.py |    INFO |      train | Epoch 3.639386189258312 Loss : 0.9481168389320374
2021-02-06 01:38:19 |        train.py |    INFO |      train | Validation Accuracy : 0.4301
2021-02-06 01:38:19 |        train.py |    INFO |      train | Epoch 3.7672634271099743 Loss : 0.9511685371398926
2021-02-06 01:38:19 |        train.py |    INFO |      train | Validation Accuracy : 0.4179
2021-02-06 01:38:20 |        train.py |    INFO |      train | Epoch 3.895140664961637 Loss : 1.0311087369918823
2021-02-06 01:38:20 |        train.py |    INFO |      train | Validation Accuracy : 0.3758
2021-02-06 01:38:20 |        train.py |    INFO |      train | Begin Epoch 4 ...
2021-02-06 01:38:21 |        train.py |    INFO |      train | Epoch 4.127877237851663 Loss : 0.9956462979316711
2021-02-06 01:38:21 |        train.py |    INFO |      train | Validation Accuracy : 0.4251
2021-02-06 01:38:21 |        train.py |    INFO |      train | Epoch 4.255754475703325 Loss : 0.8318766355514526
2021-02-06 01:38:21 |        train.py |    INFO |      train | Validation Accuracy : 0.3812
2021-02-06 01:38:21 |        train.py |    INFO |      train | Epoch 4.383631713554987 Loss : 0.7382631301879883
2021-02-06 01:38:22 |        train.py |    INFO |      train | Validation Accuracy : 0.4257
2021-02-06 01:38:22 |        train.py |    INFO |      train | Epoch 4.5115089514066495 Loss : 0.873531699180603
2021-02-06 01:38:22 |        train.py |    INFO |      train | Validation Accuracy : 0.4179
2021-02-06 01:38:22 |        train.py |    INFO |      train | Epoch 4.639386189258312 Loss : 0.8915400505065918
2021-02-06 01:38:23 |        train.py |    INFO |      train | Validation Accuracy : 0.4086
2021-02-06 01:38:23 |        train.py |    INFO |      train | Epoch 4.767263427109975 Loss : 0.8664681911468506
2021-02-06 01:38:23 |        train.py |    INFO |      train | Validation Accuracy : 0.4118
2021-02-06 01:38:23 |        train.py |    INFO |      train | Epoch 4.8951406649616365 Loss : 0.723014771938324
2021-02-06 01:38:24 |        train.py |    INFO |      train | Validation Accuracy : 0.4336
2021-02-06 01:38:24 |        train.py |    INFO |      train | Begin Epoch 5 ...
2021-02-06 01:38:24 |        train.py |    INFO |      train | Epoch 5.127877237851663 Loss : 0.8642562031745911
2021-02-06 01:38:24 |        train.py |    INFO |      train | Validation Accuracy : 0.392
2021-02-06 01:38:25 |        train.py |    INFO |      train | Epoch 5.255754475703325 Loss : 0.8039568066596985
2021-02-06 01:38:25 |        train.py |    INFO |      train | Validation Accuracy : 0.4176
2021-02-06 01:38:25 |        train.py |    INFO |      train | Epoch 5.383631713554987 Loss : 0.9574070572853088
2021-02-06 01:38:25 |        train.py |    INFO |      train | Validation Accuracy : 0.393
2021-02-06 01:38:26 |        train.py |    INFO |      train | Epoch 5.5115089514066495 Loss : 0.9103503227233887
2021-02-06 01:38:26 |        train.py |    INFO |      train | Validation Accuracy : 0.4026
2021-02-06 01:38:26 |        train.py |    INFO |      train | Epoch 5.639386189258312 Loss : 0.8067049980163574
2021-02-06 01:38:26 |        train.py |    INFO |      train | Validation Accuracy : 0.4082
2021-02-06 01:38:26 |        train.py |    INFO |      train | Epoch 5.767263427109975 Loss : 0.8053876161575317
2021-02-06 01:38:27 |        train.py |    INFO |      train | Validation Accuracy : 0.4152
2021-02-06 01:38:27 |        train.py |    INFO |      train | Epoch 5.8951406649616365 Loss : 0.8079507946968079
2021-02-06 01:38:27 |        train.py |    INFO |      train | Validation Accuracy : 0.4075
2021-02-06 01:38:27 |        train.py |    INFO |      train | Begin Epoch 6 ...
2021-02-06 01:38:28 |        train.py |    INFO |      train | Epoch 6.127877237851663 Loss : 0.8623977303504944
2021-02-06 01:38:28 |        train.py |    INFO |      train | Validation Accuracy : 0.4021
2021-02-06 01:38:28 |        train.py |    INFO |      train | Epoch 6.255754475703325 Loss : 0.8381783366203308
2021-02-06 01:38:28 |        train.py |    INFO |      train | Validation Accuracy : 0.4218
2021-02-06 01:38:28 |        train.py |    INFO |      train | Epoch 6.383631713554987 Loss : 0.8669635057449341
2021-02-06 01:38:29 |        train.py |    INFO |      train | Validation Accuracy : 0.3943
2021-02-06 01:38:29 |        train.py |    INFO |      train | Epoch 6.5115089514066495 Loss : 1.0282536745071411
2021-02-06 01:38:29 |        train.py |    INFO |      train | Validation Accuracy : 0.4187
2021-02-06 01:38:29 |        train.py |    INFO |      train | Epoch 6.639386189258312 Loss : 0.7276059985160828
2021-02-06 01:38:29 |        train.py |    INFO |      train | Validation Accuracy : 0.4117
2021-02-06 01:38:30 |        train.py |    INFO |      train | Epoch 6.767263427109975 Loss : 0.7726746201515198
2021-02-06 01:38:30 |        train.py |    INFO |      train | Validation Accuracy : 0.3946
2021-02-06 01:38:30 |        train.py |    INFO |      train | Epoch 6.8951406649616365 Loss : 1.0683772563934326
2021-02-06 01:38:30 |        train.py |    INFO |      train | Validation Accuracy : 0.3899
2021-02-06 01:38:31 |        train.py |    INFO |      train | Begin Epoch 7 ...
2021-02-06 01:38:31 |        train.py |    INFO |      train | Epoch 7.127877237851663 Loss : 0.9165903925895691
2021-02-06 01:38:31 |        train.py |    INFO |      train | Validation Accuracy : 0.4134
2021-02-06 01:38:32 |        train.py |    INFO |      train | Epoch 7.255754475703325 Loss : 0.8151249885559082
2021-02-06 01:38:32 |        train.py |    INFO |      train | Validation Accuracy : 0.4041
2021-02-06 01:38:32 |        train.py |    INFO |      train | Epoch 7.383631713554987 Loss : 0.9300721287727356
2021-02-06 01:38:32 |        train.py |    INFO |      train | Validation Accuracy : 0.4013
2021-02-06 01:38:33 |        train.py |    INFO |      train | Epoch 7.5115089514066495 Loss : 0.9641756415367126
2021-02-06 01:38:33 |        train.py |    INFO |      train | Validation Accuracy : 0.411
2021-02-06 01:38:33 |        train.py |    INFO |      train | Epoch 7.639386189258312 Loss : 0.9973456263542175
2021-02-06 01:38:33 |        train.py |    INFO |      train | Validation Accuracy : 0.4031
2021-02-06 01:38:33 |        train.py |    INFO |      train | Epoch 7.767263427109975 Loss : 0.8084728717803955
2021-02-06 01:38:34 |        train.py |    INFO |      train | Validation Accuracy : 0.4196
2021-02-06 01:38:34 |        train.py |    INFO |      train | Epoch 7.8951406649616365 Loss : 0.8924307227134705
2021-02-06 01:38:34 |        train.py |    INFO |      train | Validation Accuracy : 0.427
2021-02-06 01:38:34 |        train.py |    INFO |      train | Begin Epoch 8 ...
2021-02-06 01:38:35 |        train.py |    INFO |      train | Epoch 8.127877237851662 Loss : 0.9773699641227722
2021-02-06 01:38:35 |        train.py |    INFO |      train | Validation Accuracy : 0.4138
2021-02-06 01:38:35 |        train.py |    INFO |      train | Epoch 8.255754475703325 Loss : 0.9722479581832886
2021-02-06 01:38:35 |        train.py |    INFO |      train | Validation Accuracy : 0.3819
2021-02-06 01:38:36 |        train.py |    INFO |      train | Epoch 8.383631713554987 Loss : 0.827835738658905
2021-02-06 01:38:36 |        train.py |    INFO |      train | Validation Accuracy : 0.389
2021-02-06 01:38:36 |        train.py |    INFO |      train | Epoch 8.51150895140665 Loss : 0.9038047790527344
2021-02-06 01:38:36 |        train.py |    INFO |      train | Validation Accuracy : 0.4207
2021-02-06 01:38:37 |        train.py |    INFO |      train | Epoch 8.639386189258312 Loss : 0.8168839812278748
2021-02-06 01:38:37 |        train.py |    INFO |      train | Validation Accuracy : 0.4132
2021-02-06 01:38:37 |        train.py |    INFO |      train | Epoch 8.767263427109974 Loss : 0.8764163851737976
2021-02-06 01:38:37 |        train.py |    INFO |      train | Validation Accuracy : 0.3995
2021-02-06 01:38:37 |        train.py |    INFO |      train | Epoch 8.895140664961637 Loss : 0.8669568300247192
2021-02-06 01:38:38 |        train.py |    INFO |      train | Validation Accuracy : 0.3997
2021-02-06 01:38:38 |        train.py |    INFO |      train | Begin Epoch 9 ...
2021-02-06 01:38:38 |        train.py |    INFO |      train | Epoch 9.127877237851662 Loss : 0.8555657863616943
2021-02-06 01:38:38 |        train.py |    INFO |      train | Validation Accuracy : 0.4167
2021-02-06 01:38:39 |        train.py |    INFO |      train | Epoch 9.255754475703325 Loss : 0.8892414569854736
2021-02-06 01:38:39 |        train.py |    INFO |      train | Validation Accuracy : 0.4277
2021-02-06 01:38:39 |        train.py |    INFO |      train | Epoch 9.383631713554987 Loss : 0.899079442024231
2021-02-06 01:38:39 |        train.py |    INFO |      train | Validation Accuracy : 0.425
2021-02-06 01:38:40 |        train.py |    INFO |      train | Epoch 9.51150895140665 Loss : 1.0751590728759766
2021-02-06 01:38:40 |        train.py |    INFO |      train | Validation Accuracy : 0.4245
2021-02-06 01:38:40 |        train.py |    INFO |      train | Epoch 9.639386189258312 Loss : 0.934987485408783
2021-02-06 01:38:40 |        train.py |    INFO |      train | Validation Accuracy : 0.428
2021-02-06 01:38:41 |        train.py |    INFO |      train | Epoch 9.767263427109974 Loss : 0.929179310798645
2021-02-06 01:38:41 |        train.py |    INFO |      train | Validation Accuracy : 0.4201
2021-02-06 01:38:41 |        train.py |    INFO |      train | Epoch 9.895140664961637 Loss : 0.8387973308563232
2021-02-06 01:38:41 |        train.py |    INFO |      train | Validation Accuracy : 0.423
2021-02-06 01:38:41 |        train.py |    INFO |   <module> | Training Finished ... Time Elapsed : 0.7794593532880147 min(s)
