2021-02-06 01:39:07 |        train.py |    INFO |   <module> | Configurations ...
2021-02-06 01:39:07 |        train.py |    INFO |   <module> | n_train_samples = 100000
n_valid_samples = 10000
max_n_elements = 10
function = lambda x: torch.sum(x[x > 0], dim=-1)
train_path = data/train.pkl
valid_path = data/valid.pkl
save_path = checkpoint
device = cuda
n_epochs = 10
batch_sz = 128
save_step = 100
log_every = 100
learning_rate = 0.0001
gradient_accumulation_step = 1
weight_decay = 0.0
optimizer = Adam
criterion = L1Loss
d_embed = 100
d_hidden = 30
activation = Tanh
seed = 42

2021-02-06 01:39:07 |        train.py |    INFO |   <module> | Setting seed to 42 ...
2021-02-06 01:39:07 |        train.py |    INFO |   <module> | Begin Training ...
2021-02-06 01:39:16 |        train.py |    INFO |      train | DigitFuncApproximator(
  (embed): Embedding(11, 100, padding_idx=0)
  (dense): Linear(in_features=100, out_features=30, bias=True)
  (actvt): Tanh()
  (encde): Linear(in_features=30, out_features=1, bias=True)
)
2021-02-06 01:39:18 |        train.py |    INFO |      train | Begin Epoch 0 ...
2021-02-06 01:39:18 |        train.py |    INFO |      train | Epoch 0.1278772378516624 Loss : 19.423433303833008
2021-02-06 01:39:18 |        train.py |    INFO |      train | Validation Accuracy : 0.0008
2021-02-06 01:39:18 |        train.py |    INFO |      train | Best validation metric found ... Saving ...
2021-02-06 01:39:19 |        train.py |    INFO |      train | Epoch 0.2557544757033248 Loss : 17.831666946411133
2021-02-06 01:39:19 |        train.py |    INFO |      train | Validation Accuracy : 0.0165
2021-02-06 01:39:19 |        train.py |    INFO |      train | Best validation metric found ... Saving ...
2021-02-06 01:39:19 |        train.py |    INFO |      train | Epoch 0.3836317135549872 Loss : 13.698312759399414
2021-02-06 01:39:19 |        train.py |    INFO |      train | Validation Accuracy : 0.0255
2021-02-06 01:39:19 |        train.py |    INFO |      train | Best validation metric found ... Saving ...
2021-02-06 01:39:20 |        train.py |    INFO |      train | Epoch 0.5115089514066496 Loss : 8.116349220275879
2021-02-06 01:39:20 |        train.py |    INFO |      train | Validation Accuracy : 0.0401
2021-02-06 01:39:20 |        train.py |    INFO |      train | Best validation metric found ... Saving ...
2021-02-06 01:39:20 |        train.py |    INFO |      train | Epoch 0.639386189258312 Loss : 6.106928825378418
2021-02-06 01:39:20 |        train.py |    INFO |      train | Validation Accuracy : 0.0586
2021-02-06 01:39:20 |        train.py |    INFO |      train | Best validation metric found ... Saving ...
2021-02-06 01:39:21 |        train.py |    INFO |      train | Epoch 0.7672634271099744 Loss : 5.733958721160889
2021-02-06 01:39:21 |        train.py |    INFO |      train | Validation Accuracy : 0.0693
2021-02-06 01:39:21 |        train.py |    INFO |      train | Best validation metric found ... Saving ...
2021-02-06 01:39:21 |        train.py |    INFO |      train | Epoch 0.8951406649616368 Loss : 4.440562725067139
2021-02-06 01:39:21 |        train.py |    INFO |      train | Validation Accuracy : 0.0776
2021-02-06 01:39:21 |        train.py |    INFO |      train | Best validation metric found ... Saving ...
2021-02-06 01:39:22 |        train.py |    INFO |      train | Begin Epoch 1 ...
2021-02-06 01:39:22 |        train.py |    INFO |      train | Epoch 1.1278772378516624 Loss : 3.687638998031616
2021-02-06 01:39:22 |        train.py |    INFO |      train | Validation Accuracy : 0.0854
2021-02-06 01:39:22 |        train.py |    INFO |      train | Best validation metric found ... Saving ...
2021-02-06 01:39:22 |        train.py |    INFO |      train | Epoch 1.2557544757033248 Loss : 3.923624038696289
2021-02-06 01:39:23 |        train.py |    INFO |      train | Validation Accuracy : 0.0956
2021-02-06 01:39:23 |        train.py |    INFO |      train | Best validation metric found ... Saving ...
2021-02-06 01:39:23 |        train.py |    INFO |      train | Epoch 1.3836317135549872 Loss : 3.354233980178833
2021-02-06 01:39:23 |        train.py |    INFO |      train | Validation Accuracy : 0.0959
2021-02-06 01:39:23 |        train.py |    INFO |      train | Best validation metric found ... Saving ...
2021-02-06 01:39:23 |        train.py |    INFO |      train | Epoch 1.5115089514066495 Loss : 2.7950427532196045
2021-02-06 01:39:23 |        train.py |    INFO |      train | Validation Accuracy : 0.101
2021-02-06 01:39:23 |        train.py |    INFO |      train | Best validation metric found ... Saving ...
2021-02-06 01:39:24 |        train.py |    INFO |      train | Epoch 1.6393861892583121 Loss : 2.8654935359954834
2021-02-06 01:39:24 |        train.py |    INFO |      train | Validation Accuracy : 0.1151
2021-02-06 01:39:24 |        train.py |    INFO |      train | Best validation metric found ... Saving ...
2021-02-06 01:39:24 |        train.py |    INFO |      train | Epoch 1.7672634271099743 Loss : 2.6800954341888428
2021-02-06 01:39:24 |        train.py |    INFO |      train | Validation Accuracy : 0.115
2021-02-06 01:39:25 |        train.py |    INFO |      train | Epoch 1.895140664961637 Loss : 2.801964282989502
2021-02-06 01:39:25 |        train.py |    INFO |      train | Validation Accuracy : 0.1227
2021-02-06 01:39:25 |        train.py |    INFO |      train | Best validation metric found ... Saving ...
2021-02-06 01:39:25 |        train.py |    INFO |      train | Begin Epoch 2 ...
2021-02-06 01:39:25 |        train.py |    INFO |      train | Epoch 2.1278772378516626 Loss : 2.503471612930298
2021-02-06 01:39:26 |        train.py |    INFO |      train | Validation Accuracy : 0.1384
2021-02-06 01:39:26 |        train.py |    INFO |      train | Best validation metric found ... Saving ...
2021-02-06 01:39:26 |        train.py |    INFO |      train | Epoch 2.2557544757033248 Loss : 2.068462610244751
2021-02-06 01:39:26 |        train.py |    INFO |      train | Validation Accuracy : 0.1495
2021-02-06 01:39:26 |        train.py |    INFO |      train | Best validation metric found ... Saving ...
2021-02-06 01:39:26 |        train.py |    INFO |      train | Epoch 2.3836317135549874 Loss : 1.9619826078414917
2021-02-06 01:39:27 |        train.py |    INFO |      train | Validation Accuracy : 0.1577
2021-02-06 01:39:27 |        train.py |    INFO |      train | Best validation metric found ... Saving ...
2021-02-06 01:39:27 |        train.py |    INFO |      train | Epoch 2.5115089514066495 Loss : 1.768223762512207
2021-02-06 01:39:27 |        train.py |    INFO |      train | Validation Accuracy : 0.1724
2021-02-06 01:39:27 |        train.py |    INFO |      train | Best validation metric found ... Saving ...
2021-02-06 01:39:27 |        train.py |    INFO |      train | Epoch 2.639386189258312 Loss : 1.5438437461853027
2021-02-06 01:39:27 |        train.py |    INFO |      train | Validation Accuracy : 0.1744
2021-02-06 01:39:27 |        train.py |    INFO |      train | Best validation metric found ... Saving ...
2021-02-06 01:39:28 |        train.py |    INFO |      train | Epoch 2.7672634271099743 Loss : 1.4055955410003662
2021-02-06 01:39:28 |        train.py |    INFO |      train | Validation Accuracy : 0.2507
2021-02-06 01:39:28 |        train.py |    INFO |      train | Best validation metric found ... Saving ...
2021-02-06 01:39:28 |        train.py |    INFO |      train | Epoch 2.895140664961637 Loss : 1.2915830612182617
2021-02-06 01:39:29 |        train.py |    INFO |      train | Validation Accuracy : 0.2864
2021-02-06 01:39:29 |        train.py |    INFO |      train | Best validation metric found ... Saving ...
2021-02-06 01:39:29 |        train.py |    INFO |      train | Begin Epoch 3 ...
2021-02-06 01:39:29 |        train.py |    INFO |      train | Epoch 3.1278772378516626 Loss : 1.1666512489318848
2021-02-06 01:39:29 |        train.py |    INFO |      train | Validation Accuracy : 0.3329
2021-02-06 01:39:29 |        train.py |    INFO |      train | Best validation metric found ... Saving ...
2021-02-06 01:39:30 |        train.py |    INFO |      train | Epoch 3.2557544757033248 Loss : 1.018962025642395
2021-02-06 01:39:30 |        train.py |    INFO |      train | Validation Accuracy : 0.3429
2021-02-06 01:39:30 |        train.py |    INFO |      train | Best validation metric found ... Saving ...
2021-02-06 01:39:30 |        train.py |    INFO |      train | Epoch 3.3836317135549874 Loss : 1.0202420949935913
2021-02-06 01:39:30 |        train.py |    INFO |      train | Validation Accuracy : 0.4238
2021-02-06 01:39:30 |        train.py |    INFO |      train | Best validation metric found ... Saving ...
2021-02-06 01:39:31 |        train.py |    INFO |      train | Epoch 3.5115089514066495 Loss : 0.7443808317184448
2021-02-06 01:39:31 |        train.py |    INFO |      train | Validation Accuracy : 0.445
2021-02-06 01:39:31 |        train.py |    INFO |      train | Best validation metric found ... Saving ...
2021-02-06 01:39:31 |        train.py |    INFO |      train | Epoch 3.639386189258312 Loss : 0.684851348400116
2021-02-06 01:39:31 |        train.py |    INFO |      train | Validation Accuracy : 0.4494
2021-02-06 01:39:31 |        train.py |    INFO |      train | Best validation metric found ... Saving ...
2021-02-06 01:39:32 |        train.py |    INFO |      train | Epoch 3.7672634271099743 Loss : 0.6480411887168884
2021-02-06 01:39:32 |        train.py |    INFO |      train | Validation Accuracy : 0.4491
2021-02-06 01:39:32 |        train.py |    INFO |      train | Epoch 3.895140664961637 Loss : 0.6631258130073547
2021-02-06 01:39:32 |        train.py |    INFO |      train | Validation Accuracy : 0.4491
2021-02-06 01:39:32 |        train.py |    INFO |      train | Begin Epoch 4 ...
2021-02-06 01:39:33 |        train.py |    INFO |      train | Epoch 4.127877237851663 Loss : 0.7210821509361267
2021-02-06 01:39:33 |        train.py |    INFO |      train | Validation Accuracy : 0.4491
2021-02-06 01:39:33 |        train.py |    INFO |      train | Epoch 4.255754475703325 Loss : 0.6743165850639343
2021-02-06 01:39:33 |        train.py |    INFO |      train | Validation Accuracy : 0.4491
2021-02-06 01:39:34 |        train.py |    INFO |      train | Epoch 4.383631713554987 Loss : 0.5586985349655151
2021-02-06 01:39:34 |        train.py |    INFO |      train | Validation Accuracy : 0.4491
2021-02-06 01:39:34 |        train.py |    INFO |      train | Epoch 4.5115089514066495 Loss : 0.4689134955406189
2021-02-06 01:39:34 |        train.py |    INFO |      train | Validation Accuracy : 0.4675
2021-02-06 01:39:34 |        train.py |    INFO |      train | Best validation metric found ... Saving ...
2021-02-06 01:39:35 |        train.py |    INFO |      train | Epoch 4.639386189258312 Loss : 0.4805053770542145
2021-02-06 01:39:35 |        train.py |    INFO |      train | Validation Accuracy : 0.5975
2021-02-06 01:39:35 |        train.py |    INFO |      train | Best validation metric found ... Saving ...
2021-02-06 01:39:35 |        train.py |    INFO |      train | Epoch 4.767263427109975 Loss : 0.4233892560005188
2021-02-06 01:39:35 |        train.py |    INFO |      train | Validation Accuracy : 0.6599
2021-02-06 01:39:35 |        train.py |    INFO |      train | Best validation metric found ... Saving ...
2021-02-06 01:39:36 |        train.py |    INFO |      train | Epoch 4.8951406649616365 Loss : 0.3092750310897827
2021-02-06 01:39:36 |        train.py |    INFO |      train | Validation Accuracy : 0.6606
2021-02-06 01:39:36 |        train.py |    INFO |      train | Best validation metric found ... Saving ...
2021-02-06 01:39:36 |        train.py |    INFO |      train | Begin Epoch 5 ...
2021-02-06 01:39:36 |        train.py |    INFO |      train | Epoch 5.127877237851663 Loss : 0.37880539894104004
2021-02-06 01:39:37 |        train.py |    INFO |      train | Validation Accuracy : 0.8556
2021-02-06 01:39:37 |        train.py |    INFO |      train | Best validation metric found ... Saving ...
2021-02-06 01:39:37 |        train.py |    INFO |      train | Epoch 5.255754475703325 Loss : 0.36253049969673157
2021-02-06 01:39:37 |        train.py |    INFO |      train | Validation Accuracy : 0.8638
2021-02-06 01:39:37 |        train.py |    INFO |      train | Best validation metric found ... Saving ...
2021-02-06 01:39:37 |        train.py |    INFO |      train | Epoch 5.383631713554987 Loss : 0.3369484543800354
2021-02-06 01:39:38 |        train.py |    INFO |      train | Validation Accuracy : 0.8473
2021-02-06 01:39:38 |        train.py |    INFO |      train | Epoch 5.5115089514066495 Loss : 0.2781171500682831
2021-02-06 01:39:38 |        train.py |    INFO |      train | Validation Accuracy : 0.8638
2021-02-06 01:39:38 |        train.py |    INFO |      train | Epoch 5.639386189258312 Loss : 0.28447574377059937
2021-02-06 01:39:38 |        train.py |    INFO |      train | Validation Accuracy : 0.8638
2021-02-06 01:39:39 |        train.py |    INFO |      train | Epoch 5.767263427109975 Loss : 0.20738281309604645
2021-02-06 01:39:39 |        train.py |    INFO |      train | Validation Accuracy : 0.9199
2021-02-06 01:39:39 |        train.py |    INFO |      train | Best validation metric found ... Saving ...
2021-02-06 01:39:39 |        train.py |    INFO |      train | Epoch 5.8951406649616365 Loss : 0.07598672062158585
2021-02-06 01:39:39 |        train.py |    INFO |      train | Validation Accuracy : 0.9994
2021-02-06 01:39:39 |        train.py |    INFO |      train | Best validation metric found ... Saving ...
2021-02-06 01:39:40 |        train.py |    INFO |      train | Begin Epoch 6 ...
2021-02-06 01:39:40 |        train.py |    INFO |      train | Epoch 6.127877237851663 Loss : 0.0229327455163002
2021-02-06 01:39:40 |        train.py |    INFO |      train | Validation Accuracy : 1.0
2021-02-06 01:39:40 |        train.py |    INFO |      train | Best validation metric found ... Saving ...
2021-02-06 01:39:40 |        train.py |    INFO |      train | Epoch 6.255754475703325 Loss : 0.00851721502840519
2021-02-06 01:39:41 |        train.py |    INFO |      train | Validation Accuracy : 1.0
2021-02-06 01:39:41 |        train.py |    INFO |      train | Epoch 6.383631713554987 Loss : 0.012448858469724655
2021-02-06 01:39:41 |        train.py |    INFO |      train | Validation Accuracy : 1.0
2021-02-06 01:39:42 |        train.py |    INFO |      train | Epoch 6.5115089514066495 Loss : 0.005488698370754719
2021-02-06 01:39:42 |        train.py |    INFO |      train | Validation Accuracy : 1.0
2021-02-06 01:39:42 |        train.py |    INFO |      train | Epoch 6.639386189258312 Loss : 0.006083895452320576
2021-02-06 01:39:42 |        train.py |    INFO |      train | Validation Accuracy : 1.0
2021-02-06 01:39:43 |        train.py |    INFO |      train | Epoch 6.767263427109975 Loss : 0.01625392772257328
2021-02-06 01:39:43 |        train.py |    INFO |      train | Validation Accuracy : 1.0
2021-02-06 01:39:43 |        train.py |    INFO |      train | Epoch 6.8951406649616365 Loss : 0.011349320411682129
2021-02-06 01:39:43 |        train.py |    INFO |      train | Validation Accuracy : 1.0
2021-02-06 01:39:43 |        train.py |    INFO |      train | Begin Epoch 7 ...
2021-02-06 01:39:44 |        train.py |    INFO |      train | Epoch 7.127877237851663 Loss : 0.006446113809943199
2021-02-06 01:39:44 |        train.py |    INFO |      train | Validation Accuracy : 1.0
2021-02-06 01:39:44 |        train.py |    INFO |      train | Epoch 7.255754475703325 Loss : 0.006835564039647579
2021-02-06 01:39:45 |        train.py |    INFO |      train | Validation Accuracy : 1.0
2021-02-06 01:39:45 |        train.py |    INFO |      train | Epoch 7.383631713554987 Loss : 0.009543387219309807
2021-02-06 01:39:45 |        train.py |    INFO |      train | Validation Accuracy : 1.0
2021-02-06 01:39:45 |        train.py |    INFO |      train | Epoch 7.5115089514066495 Loss : 0.003357919864356518
2021-02-06 01:39:45 |        train.py |    INFO |      train | Validation Accuracy : 1.0
2021-02-06 01:39:46 |        train.py |    INFO |      train | Epoch 7.639386189258312 Loss : 0.005606970749795437
2021-02-06 01:39:46 |        train.py |    INFO |      train | Validation Accuracy : 1.0
2021-02-06 01:39:46 |        train.py |    INFO |      train | Epoch 7.767263427109975 Loss : 0.0027234014123678207
2021-02-06 01:39:46 |        train.py |    INFO |      train | Validation Accuracy : 1.0
2021-02-06 01:39:47 |        train.py |    INFO |      train | Epoch 7.8951406649616365 Loss : 0.014674902893602848
2021-02-06 01:39:47 |        train.py |    INFO |      train | Validation Accuracy : 1.0
2021-02-06 01:39:47 |        train.py |    INFO |      train | Begin Epoch 8 ...
2021-02-06 01:39:48 |        train.py |    INFO |      train | Epoch 8.127877237851662 Loss : 0.004563666880130768
2021-02-06 01:39:48 |        train.py |    INFO |      train | Validation Accuracy : 1.0
2021-02-06 01:39:48 |        train.py |    INFO |      train | Epoch 8.255754475703325 Loss : 0.0025480613112449646
2021-02-06 01:39:48 |        train.py |    INFO |      train | Validation Accuracy : 1.0
2021-02-06 01:39:48 |        train.py |    INFO |      train | Epoch 8.383631713554987 Loss : 0.0026883985847234726
2021-02-06 01:39:49 |        train.py |    INFO |      train | Validation Accuracy : 1.0
2021-02-06 01:39:49 |        train.py |    INFO |      train | Epoch 8.51150895140665 Loss : 0.003943918272852898
2021-02-06 01:39:49 |        train.py |    INFO |      train | Validation Accuracy : 1.0
2021-02-06 01:39:49 |        train.py |    INFO |      train | Epoch 8.639386189258312 Loss : 0.006178589537739754
2021-02-06 01:39:50 |        train.py |    INFO |      train | Validation Accuracy : 1.0
2021-02-06 01:39:50 |        train.py |    INFO |      train | Epoch 8.767263427109974 Loss : 0.0041806939989328384
2021-02-06 01:39:50 |        train.py |    INFO |      train | Validation Accuracy : 1.0
2021-02-06 01:39:50 |        train.py |    INFO |      train | Epoch 8.895140664961637 Loss : 0.0025036288425326347
2021-02-06 01:39:51 |        train.py |    INFO |      train | Validation Accuracy : 1.0
2021-02-06 01:39:51 |        train.py |    INFO |      train | Begin Epoch 9 ...
2021-02-06 01:39:51 |        train.py |    INFO |      train | Epoch 9.127877237851662 Loss : 0.005560610443353653
2021-02-06 01:39:51 |        train.py |    INFO |      train | Validation Accuracy : 1.0
2021-02-06 01:39:52 |        train.py |    INFO |      train | Epoch 9.255754475703325 Loss : 0.0020340029150247574
2021-02-06 01:39:52 |        train.py |    INFO |      train | Validation Accuracy : 1.0
2021-02-06 01:39:52 |        train.py |    INFO |      train | Epoch 9.383631713554987 Loss : 0.00340336374938488
2021-02-06 01:39:52 |        train.py |    INFO |      train | Validation Accuracy : 1.0
2021-02-06 01:39:53 |        train.py |    INFO |      train | Epoch 9.51150895140665 Loss : 0.00531776063144207
2021-02-06 01:39:53 |        train.py |    INFO |      train | Validation Accuracy : 1.0
2021-02-06 01:39:53 |        train.py |    INFO |      train | Epoch 9.639386189258312 Loss : 0.004368599504232407
2021-02-06 01:39:53 |        train.py |    INFO |      train | Validation Accuracy : 1.0
2021-02-06 01:39:54 |        train.py |    INFO |      train | Epoch 9.767263427109974 Loss : 0.004294723272323608
2021-02-06 01:39:54 |        train.py |    INFO |      train | Validation Accuracy : 1.0
2021-02-06 01:39:54 |        train.py |    INFO |      train | Epoch 9.895140664961637 Loss : 0.005649495869874954
2021-02-06 01:39:54 |        train.py |    INFO |      train | Validation Accuracy : 1.0
2021-02-06 01:39:54 |        train.py |    INFO |   <module> | Training Finished ... Time Elapsed : 0.7859476606051127 min(s)
