2021-02-06 01:40:11 |        train.py |    INFO |   <module> | Configurations ...
2021-02-06 01:40:11 |        train.py |    INFO |   <module> | n_train_samples = 100000
n_valid_samples = 10000
max_n_elements = 10
function = lambda x: torch.mean(x[x > 0], dim=-1)
train_path = data/train.pkl
valid_path = data/valid.pkl
save_path = checkpoint
device = cuda
n_epochs = 10
batch_sz = 128
save_step = 100
log_every = 100
learning_rate = 0.0001
gradient_accumulation_step = 1
weight_decay = 0.0
optimizer = Adam
criterion = L1Loss
d_embed = 100
d_hidden = 30
activation = Tanh
seed = 42

2021-02-06 01:40:11 |        train.py |    INFO |   <module> | Setting seed to 42 ...
2021-02-06 01:40:11 |        train.py |    INFO |   <module> | Begin Training ...
2021-02-06 01:40:20 |        train.py |    INFO |      train | DigitFuncApproximator(
  (embed): Embedding(11, 100, padding_idx=0)
  (dense): Linear(in_features=100, out_features=30, bias=True)
  (actvt): Tanh()
  (encde): Linear(in_features=30, out_features=1, bias=True)
)
2021-02-06 01:40:22 |        train.py |    INFO |      train | Begin Epoch 0 ...
2021-02-06 01:40:22 |        train.py |    INFO |      train | Epoch 0.1278772378516624 Loss : 2.0457301139831543
2021-02-06 01:40:23 |        train.py |    INFO |      train | Validation Accuracy : 0.217
2021-02-06 01:40:23 |        train.py |    INFO |      train | Best validation metric found ... Saving ...
2021-02-06 01:40:23 |        train.py |    INFO |      train | Epoch 0.2557544757033248 Loss : 1.5457473993301392
2021-02-06 01:40:23 |        train.py |    INFO |      train | Validation Accuracy : 0.2561
2021-02-06 01:40:23 |        train.py |    INFO |      train | Best validation metric found ... Saving ...
2021-02-06 01:40:23 |        train.py |    INFO |      train | Epoch 0.3836317135549872 Loss : 1.4029661417007446
2021-02-06 01:40:24 |        train.py |    INFO |      train | Validation Accuracy : 0.2669
2021-02-06 01:40:24 |        train.py |    INFO |      train | Best validation metric found ... Saving ...
2021-02-06 01:40:24 |        train.py |    INFO |      train | Epoch 0.5115089514066496 Loss : 1.1811628341674805
2021-02-06 01:40:24 |        train.py |    INFO |      train | Validation Accuracy : 0.3168
2021-02-06 01:40:24 |        train.py |    INFO |      train | Best validation metric found ... Saving ...
2021-02-06 01:40:24 |        train.py |    INFO |      train | Epoch 0.639386189258312 Loss : 1.164113998413086
2021-02-06 01:40:25 |        train.py |    INFO |      train | Validation Accuracy : 0.3304
2021-02-06 01:40:25 |        train.py |    INFO |      train | Best validation metric found ... Saving ...
2021-02-06 01:40:25 |        train.py |    INFO |      train | Epoch 0.7672634271099744 Loss : 1.0412030220031738
2021-02-06 01:40:25 |        train.py |    INFO |      train | Validation Accuracy : 0.3849
2021-02-06 01:40:25 |        train.py |    INFO |      train | Best validation metric found ... Saving ...
2021-02-06 01:40:25 |        train.py |    INFO |      train | Epoch 0.8951406649616368 Loss : 0.8807427287101746
2021-02-06 01:40:25 |        train.py |    INFO |      train | Validation Accuracy : 0.4582
2021-02-06 01:40:25 |        train.py |    INFO |      train | Best validation metric found ... Saving ...
2021-02-06 01:40:26 |        train.py |    INFO |      train | Begin Epoch 1 ...
2021-02-06 01:40:26 |        train.py |    INFO |      train | Epoch 1.1278772378516624 Loss : 0.832470715045929
2021-02-06 01:40:26 |        train.py |    INFO |      train | Validation Accuracy : 0.5313
2021-02-06 01:40:26 |        train.py |    INFO |      train | Best validation metric found ... Saving ...
2021-02-06 01:40:27 |        train.py |    INFO |      train | Epoch 1.2557544757033248 Loss : 0.8004851937294006
2021-02-06 01:40:27 |        train.py |    INFO |      train | Validation Accuracy : 0.5746
2021-02-06 01:40:27 |        train.py |    INFO |      train | Best validation metric found ... Saving ...
2021-02-06 01:40:27 |        train.py |    INFO |      train | Epoch 1.3836317135549872 Loss : 0.5389204025268555
2021-02-06 01:40:27 |        train.py |    INFO |      train | Validation Accuracy : 0.5877
2021-02-06 01:40:27 |        train.py |    INFO |      train | Best validation metric found ... Saving ...
2021-02-06 01:40:28 |        train.py |    INFO |      train | Epoch 1.5115089514066495 Loss : 0.5101194381713867
2021-02-06 01:40:28 |        train.py |    INFO |      train | Validation Accuracy : 0.6104
2021-02-06 01:40:28 |        train.py |    INFO |      train | Best validation metric found ... Saving ...
2021-02-06 01:40:28 |        train.py |    INFO |      train | Epoch 1.6393861892583121 Loss : 0.5660482048988342
2021-02-06 01:40:28 |        train.py |    INFO |      train | Validation Accuracy : 0.6317
2021-02-06 01:40:28 |        train.py |    INFO |      train | Best validation metric found ... Saving ...
2021-02-06 01:40:29 |        train.py |    INFO |      train | Epoch 1.7672634271099743 Loss : 0.6561654210090637
2021-02-06 01:40:29 |        train.py |    INFO |      train | Validation Accuracy : 0.6571
2021-02-06 01:40:29 |        train.py |    INFO |      train | Best validation metric found ... Saving ...
2021-02-06 01:40:29 |        train.py |    INFO |      train | Epoch 1.895140664961637 Loss : 0.5521906018257141
2021-02-06 01:40:29 |        train.py |    INFO |      train | Validation Accuracy : 0.6556
2021-02-06 01:40:29 |        train.py |    INFO |      train | Begin Epoch 2 ...
2021-02-06 01:40:30 |        train.py |    INFO |      train | Epoch 2.1278772378516626 Loss : 0.5420300960540771
2021-02-06 01:40:30 |        train.py |    INFO |      train | Validation Accuracy : 0.6302
2021-02-06 01:40:30 |        train.py |    INFO |      train | Epoch 2.2557544757033248 Loss : 0.6476972103118896
2021-02-06 01:40:30 |        train.py |    INFO |      train | Validation Accuracy : 0.6353
2021-02-06 01:40:31 |        train.py |    INFO |      train | Epoch 2.3836317135549874 Loss : 0.6310024857521057
2021-02-06 01:40:31 |        train.py |    INFO |      train | Validation Accuracy : 0.6335
2021-02-06 01:40:31 |        train.py |    INFO |      train | Epoch 2.5115089514066495 Loss : 0.5835296511650085
2021-02-06 01:40:31 |        train.py |    INFO |      train | Validation Accuracy : 0.6276
2021-02-06 01:40:32 |        train.py |    INFO |      train | Epoch 2.639386189258312 Loss : 0.5633665323257446
2021-02-06 01:40:32 |        train.py |    INFO |      train | Validation Accuracy : 0.6258
2021-02-06 01:40:32 |        train.py |    INFO |      train | Epoch 2.7672634271099743 Loss : 0.7062638998031616
2021-02-06 01:40:32 |        train.py |    INFO |      train | Validation Accuracy : 0.6274
2021-02-06 01:40:33 |        train.py |    INFO |      train | Epoch 2.895140664961637 Loss : 0.6273391246795654
2021-02-06 01:40:33 |        train.py |    INFO |      train | Validation Accuracy : 0.6281
2021-02-06 01:40:33 |        train.py |    INFO |      train | Begin Epoch 3 ...
2021-02-06 01:40:33 |        train.py |    INFO |      train | Epoch 3.1278772378516626 Loss : 0.5382776856422424
2021-02-06 01:40:34 |        train.py |    INFO |      train | Validation Accuracy : 0.6311
2021-02-06 01:40:34 |        train.py |    INFO |      train | Epoch 3.2557544757033248 Loss : 0.559673547744751
2021-02-06 01:40:34 |        train.py |    INFO |      train | Validation Accuracy : 0.6243
2021-02-06 01:40:34 |        train.py |    INFO |      train | Epoch 3.3836317135549874 Loss : 0.6934881806373596
2021-02-06 01:40:35 |        train.py |    INFO |      train | Validation Accuracy : 0.6295
2021-02-06 01:40:35 |        train.py |    INFO |      train | Epoch 3.5115089514066495 Loss : 0.732556939125061
2021-02-06 01:40:35 |        train.py |    INFO |      train | Validation Accuracy : 0.6182
2021-02-06 01:40:35 |        train.py |    INFO |      train | Epoch 3.639386189258312 Loss : 0.6138103008270264
2021-02-06 01:40:35 |        train.py |    INFO |      train | Validation Accuracy : 0.6264
2021-02-06 01:40:36 |        train.py |    INFO |      train | Epoch 3.7672634271099743 Loss : 0.6562612056732178
2021-02-06 01:40:36 |        train.py |    INFO |      train | Validation Accuracy : 0.6328
2021-02-06 01:40:36 |        train.py |    INFO |      train | Epoch 3.895140664961637 Loss : 0.721211850643158
2021-02-06 01:40:36 |        train.py |    INFO |      train | Validation Accuracy : 0.6331
2021-02-06 01:40:37 |        train.py |    INFO |      train | Begin Epoch 4 ...
2021-02-06 01:40:37 |        train.py |    INFO |      train | Epoch 4.127877237851663 Loss : 0.6372920274734497
2021-02-06 01:40:37 |        train.py |    INFO |      train | Validation Accuracy : 0.6281
2021-02-06 01:40:37 |        train.py |    INFO |      train | Epoch 4.255754475703325 Loss : 0.5422346591949463
2021-02-06 01:40:38 |        train.py |    INFO |      train | Validation Accuracy : 0.6331
2021-02-06 01:40:38 |        train.py |    INFO |      train | Epoch 4.383631713554987 Loss : 0.5230751037597656
2021-02-06 01:40:38 |        train.py |    INFO |      train | Validation Accuracy : 0.6347
2021-02-06 01:40:38 |        train.py |    INFO |      train | Epoch 4.5115089514066495 Loss : 0.6255160570144653
2021-02-06 01:40:39 |        train.py |    INFO |      train | Validation Accuracy : 0.6328
2021-02-06 01:40:39 |        train.py |    INFO |      train | Epoch 4.639386189258312 Loss : 0.6469013094902039
2021-02-06 01:40:39 |        train.py |    INFO |      train | Validation Accuracy : 0.6283
2021-02-06 01:40:39 |        train.py |    INFO |      train | Epoch 4.767263427109975 Loss : 0.5940911769866943
2021-02-06 01:40:40 |        train.py |    INFO |      train | Validation Accuracy : 0.6184
2021-02-06 01:40:40 |        train.py |    INFO |      train | Epoch 4.8951406649616365 Loss : 0.6148462295532227
2021-02-06 01:40:40 |        train.py |    INFO |      train | Validation Accuracy : 0.6175
2021-02-06 01:40:40 |        train.py |    INFO |      train | Begin Epoch 5 ...
2021-02-06 01:40:41 |        train.py |    INFO |      train | Epoch 5.127877237851663 Loss : 0.6186604499816895
2021-02-06 01:40:41 |        train.py |    INFO |      train | Validation Accuracy : 0.6129
2021-02-06 01:40:41 |        train.py |    INFO |      train | Epoch 5.255754475703325 Loss : 0.5594049096107483
2021-02-06 01:40:41 |        train.py |    INFO |      train | Validation Accuracy : 0.6208
2021-02-06 01:40:42 |        train.py |    INFO |      train | Epoch 5.383631713554987 Loss : 0.6047410368919373
2021-02-06 01:40:42 |        train.py |    INFO |      train | Validation Accuracy : 0.631
2021-02-06 01:40:42 |        train.py |    INFO |      train | Epoch 5.5115089514066495 Loss : 0.6514000296592712
2021-02-06 01:40:42 |        train.py |    INFO |      train | Validation Accuracy : 0.6242
2021-02-06 01:40:43 |        train.py |    INFO |      train | Epoch 5.639386189258312 Loss : 0.4786876440048218
2021-02-06 01:40:43 |        train.py |    INFO |      train | Validation Accuracy : 0.624
2021-02-06 01:40:43 |        train.py |    INFO |      train | Epoch 5.767263427109975 Loss : 0.5691343545913696
2021-02-06 01:40:43 |        train.py |    INFO |      train | Validation Accuracy : 0.6348
2021-02-06 01:40:44 |        train.py |    INFO |      train | Epoch 5.8951406649616365 Loss : 0.573571503162384
2021-02-06 01:40:44 |        train.py |    INFO |      train | Validation Accuracy : 0.6339
2021-02-06 01:40:44 |        train.py |    INFO |      train | Begin Epoch 6 ...
2021-02-06 01:40:44 |        train.py |    INFO |      train | Epoch 6.127877237851663 Loss : 0.6411475539207458
2021-02-06 01:40:44 |        train.py |    INFO |      train | Validation Accuracy : 0.629
2021-02-06 01:40:45 |        train.py |    INFO |      train | Epoch 6.255754475703325 Loss : 0.5482443571090698
2021-02-06 01:40:45 |        train.py |    INFO |      train | Validation Accuracy : 0.6318
2021-02-06 01:40:45 |        train.py |    INFO |      train | Epoch 6.383631713554987 Loss : 0.5834949016571045
2021-02-06 01:40:45 |        train.py |    INFO |      train | Validation Accuracy : 0.6112
2021-02-06 01:40:46 |        train.py |    INFO |      train | Epoch 6.5115089514066495 Loss : 0.6440439224243164
2021-02-06 01:40:46 |        train.py |    INFO |      train | Validation Accuracy : 0.6235
2021-02-06 01:40:46 |        train.py |    INFO |      train | Epoch 6.639386189258312 Loss : 0.5893890857696533
2021-02-06 01:40:46 |        train.py |    INFO |      train | Validation Accuracy : 0.6246
2021-02-06 01:40:47 |        train.py |    INFO |      train | Epoch 6.767263427109975 Loss : 0.61578369140625
2021-02-06 01:40:47 |        train.py |    INFO |      train | Validation Accuracy : 0.6235
2021-02-06 01:40:47 |        train.py |    INFO |      train | Epoch 6.8951406649616365 Loss : 0.6865952014923096
2021-02-06 01:40:47 |        train.py |    INFO |      train | Validation Accuracy : 0.6245
2021-02-06 01:40:48 |        train.py |    INFO |      train | Begin Epoch 7 ...
2021-02-06 01:40:48 |        train.py |    INFO |      train | Epoch 7.127877237851663 Loss : 0.6228061318397522
2021-02-06 01:40:48 |        train.py |    INFO |      train | Validation Accuracy : 0.6277
2021-02-06 01:40:48 |        train.py |    INFO |      train | Epoch 7.255754475703325 Loss : 0.5926934480667114
2021-02-06 01:40:49 |        train.py |    INFO |      train | Validation Accuracy : 0.6269
2021-02-06 01:40:49 |        train.py |    INFO |      train | Epoch 7.383631713554987 Loss : 0.5706654191017151
2021-02-06 01:40:49 |        train.py |    INFO |      train | Validation Accuracy : 0.6291
2021-02-06 01:40:49 |        train.py |    INFO |      train | Epoch 7.5115089514066495 Loss : 0.6463188529014587
2021-02-06 01:40:49 |        train.py |    INFO |      train | Validation Accuracy : 0.6289
2021-02-06 01:40:50 |        train.py |    INFO |      train | Epoch 7.639386189258312 Loss : 0.6444980502128601
2021-02-06 01:40:50 |        train.py |    INFO |      train | Validation Accuracy : 0.6184
2021-02-06 01:40:50 |        train.py |    INFO |      train | Epoch 7.767263427109975 Loss : 0.5017635822296143
2021-02-06 01:40:50 |        train.py |    INFO |      train | Validation Accuracy : 0.6262
2021-02-06 01:40:51 |        train.py |    INFO |      train | Epoch 7.8951406649616365 Loss : 0.6464347839355469
2021-02-06 01:40:51 |        train.py |    INFO |      train | Validation Accuracy : 0.6239
2021-02-06 01:40:51 |        train.py |    INFO |      train | Begin Epoch 8 ...
2021-02-06 01:40:52 |        train.py |    INFO |      train | Epoch 8.127877237851662 Loss : 0.7095843553543091
2021-02-06 01:40:52 |        train.py |    INFO |      train | Validation Accuracy : 0.6369
2021-02-06 01:40:52 |        train.py |    INFO |      train | Epoch 8.255754475703325 Loss : 0.575958788394928
2021-02-06 01:40:52 |        train.py |    INFO |      train | Validation Accuracy : 0.6252
2021-02-06 01:40:53 |        train.py |    INFO |      train | Epoch 8.383631713554987 Loss : 0.6594129204750061
2021-02-06 01:40:53 |        train.py |    INFO |      train | Validation Accuracy : 0.6248
2021-02-06 01:40:53 |        train.py |    INFO |      train | Epoch 8.51150895140665 Loss : 0.6573130488395691
2021-02-06 01:40:53 |        train.py |    INFO |      train | Validation Accuracy : 0.628
2021-02-06 01:40:54 |        train.py |    INFO |      train | Epoch 8.639386189258312 Loss : 0.5169227123260498
2021-02-06 01:40:54 |        train.py |    INFO |      train | Validation Accuracy : 0.6207
2021-02-06 01:40:54 |        train.py |    INFO |      train | Epoch 8.767263427109974 Loss : 0.6532930135726929
2021-02-06 01:40:54 |        train.py |    INFO |      train | Validation Accuracy : 0.6342
2021-02-06 01:40:54 |        train.py |    INFO |      train | Epoch 8.895140664961637 Loss : 0.6035757660865784
2021-02-06 01:40:55 |        train.py |    INFO |      train | Validation Accuracy : 0.62
2021-02-06 01:40:55 |        train.py |    INFO |      train | Begin Epoch 9 ...
2021-02-06 01:40:55 |        train.py |    INFO |      train | Epoch 9.127877237851662 Loss : 0.5757975578308105
2021-02-06 01:40:55 |        train.py |    INFO |      train | Validation Accuracy : 0.6254
2021-02-06 01:40:56 |        train.py |    INFO |      train | Epoch 9.255754475703325 Loss : 0.5757715702056885
2021-02-06 01:40:56 |        train.py |    INFO |      train | Validation Accuracy : 0.6345
2021-02-06 01:40:56 |        train.py |    INFO |      train | Epoch 9.383631713554987 Loss : 0.6548517346382141
2021-02-06 01:40:56 |        train.py |    INFO |      train | Validation Accuracy : 0.6336
2021-02-06 01:40:57 |        train.py |    INFO |      train | Epoch 9.51150895140665 Loss : 0.662490963935852
2021-02-06 01:40:57 |        train.py |    INFO |      train | Validation Accuracy : 0.6249
2021-02-06 01:40:57 |        train.py |    INFO |      train | Epoch 9.639386189258312 Loss : 0.6523429751396179
2021-02-06 01:40:57 |        train.py |    INFO |      train | Validation Accuracy : 0.6227
2021-02-06 01:40:58 |        train.py |    INFO |      train | Epoch 9.767263427109974 Loss : 0.6025145053863525
2021-02-06 01:40:58 |        train.py |    INFO |      train | Validation Accuracy : 0.6131
2021-02-06 01:40:58 |        train.py |    INFO |      train | Epoch 9.895140664961637 Loss : 0.538580596446991
2021-02-06 01:40:58 |        train.py |    INFO |      train | Validation Accuracy : 0.626
2021-02-06 01:40:59 |        train.py |    INFO |   <module> | Training Finished ... Time Elapsed : 0.7877279281616211 min(s)
