2021-02-06 01:36:42 |        train.py |    INFO |   <module> | Configurations ...
2021-02-06 01:36:42 |        train.py |    INFO |   <module> | n_train_samples = 100000
n_valid_samples = 10000
max_n_elements = 10
function = lambda x: torch.max(x[x > 0], dim=-1)
train_path = data/train.pkl
valid_path = data/valid.pkl
save_path = checkpoint
device = cuda
n_epochs = 10
batch_sz = 128
save_step = 100
log_every = 100
learning_rate = 0.0001
gradient_accumulation_step = 1
weight_decay = 0.0
optimizer = Adam
criterion = L1Loss
d_embed = 100
d_hidden = 30
activation = ReLU
seed = 42

2021-02-06 01:36:42 |        train.py |    INFO |   <module> | Setting seed to 42 ...
2021-02-06 01:36:42 |        train.py |    INFO |   <module> | Begin Training ...
2021-02-06 01:36:51 |        train.py |    INFO |      train | DigitFuncApproximator(
  (embed): Embedding(11, 100, padding_idx=0)
  (dense): Linear(in_features=100, out_features=30, bias=True)
  (actvt): ReLU()
  (encde): Linear(in_features=30, out_features=1, bias=True)
)
2021-02-06 01:36:53 |        train.py |    INFO |      train | Begin Epoch 0 ...
2021-02-06 01:36:53 |        train.py |    INFO |      train | Epoch 0.1278772378516624 Loss : 4.812660217285156
2021-02-06 01:36:53 |        train.py |    INFO |      train | Validation Accuracy : 0.0204
2021-02-06 01:36:53 |        train.py |    INFO |      train | Best validation metric found ... Saving ...
2021-02-06 01:36:54 |        train.py |    INFO |      train | Epoch 0.2557544757033248 Loss : 2.420050859451294
2021-02-06 01:36:54 |        train.py |    INFO |      train | Validation Accuracy : 0.1454
2021-02-06 01:36:54 |        train.py |    INFO |      train | Best validation metric found ... Saving ...
2021-02-06 01:36:54 |        train.py |    INFO |      train | Epoch 0.3836317135549872 Loss : 2.2317492961883545
2021-02-06 01:36:54 |        train.py |    INFO |      train | Validation Accuracy : 0.1454
2021-02-06 01:36:55 |        train.py |    INFO |      train | Epoch 0.5115089514066496 Loss : 2.1960973739624023
2021-02-06 01:36:55 |        train.py |    INFO |      train | Validation Accuracy : 0.1486
2021-02-06 01:36:55 |        train.py |    INFO |      train | Best validation metric found ... Saving ...
2021-02-06 01:36:55 |        train.py |    INFO |      train | Epoch 0.639386189258312 Loss : 2.1749188899993896
2021-02-06 01:36:55 |        train.py |    INFO |      train | Validation Accuracy : 0.1484
2021-02-06 01:36:56 |        train.py |    INFO |      train | Epoch 0.7672634271099744 Loss : 2.0408895015716553
2021-02-06 01:36:56 |        train.py |    INFO |      train | Validation Accuracy : 0.1502
2021-02-06 01:36:56 |        train.py |    INFO |      train | Best validation metric found ... Saving ...
2021-02-06 01:36:56 |        train.py |    INFO |      train | Epoch 0.8951406649616368 Loss : 2.0966038703918457
2021-02-06 01:36:56 |        train.py |    INFO |      train | Validation Accuracy : 0.1547
2021-02-06 01:36:56 |        train.py |    INFO |      train | Best validation metric found ... Saving ...
2021-02-06 01:36:57 |        train.py |    INFO |      train | Begin Epoch 1 ...
2021-02-06 01:36:57 |        train.py |    INFO |      train | Epoch 1.1278772378516624 Loss : 2.0372376441955566
2021-02-06 01:36:57 |        train.py |    INFO |      train | Validation Accuracy : 0.1583
2021-02-06 01:36:57 |        train.py |    INFO |      train | Best validation metric found ... Saving ...
2021-02-06 01:36:57 |        train.py |    INFO |      train | Epoch 1.2557544757033248 Loss : 1.9351632595062256
2021-02-06 01:36:58 |        train.py |    INFO |      train | Validation Accuracy : 0.1647
2021-02-06 01:36:58 |        train.py |    INFO |      train | Best validation metric found ... Saving ...
2021-02-06 01:36:58 |        train.py |    INFO |      train | Epoch 1.3836317135549872 Loss : 1.6564255952835083
2021-02-06 01:36:58 |        train.py |    INFO |      train | Validation Accuracy : 0.1651
2021-02-06 01:36:58 |        train.py |    INFO |      train | Best validation metric found ... Saving ...
2021-02-06 01:36:58 |        train.py |    INFO |      train | Epoch 1.5115089514066495 Loss : 1.6819641590118408
2021-02-06 01:36:59 |        train.py |    INFO |      train | Validation Accuracy : 0.182
2021-02-06 01:36:59 |        train.py |    INFO |      train | Best validation metric found ... Saving ...
2021-02-06 01:36:59 |        train.py |    INFO |      train | Epoch 1.6393861892583121 Loss : 1.6123749017715454
2021-02-06 01:36:59 |        train.py |    INFO |      train | Validation Accuracy : 0.1777
2021-02-06 01:36:59 |        train.py |    INFO |      train | Epoch 1.7672634271099743 Loss : 1.7582658529281616
2021-02-06 01:37:00 |        train.py |    INFO |      train | Validation Accuracy : 0.1858
2021-02-06 01:37:00 |        train.py |    INFO |      train | Best validation metric found ... Saving ...
2021-02-06 01:37:00 |        train.py |    INFO |      train | Epoch 1.895140664961637 Loss : 1.5418672561645508
2021-02-06 01:37:00 |        train.py |    INFO |      train | Validation Accuracy : 0.1927
2021-02-06 01:37:00 |        train.py |    INFO |      train | Best validation metric found ... Saving ...
2021-02-06 01:37:00 |        train.py |    INFO |      train | Begin Epoch 2 ...
2021-02-06 01:37:01 |        train.py |    INFO |      train | Epoch 2.1278772378516626 Loss : 1.3242988586425781
2021-02-06 01:37:01 |        train.py |    INFO |      train | Validation Accuracy : 0.225
2021-02-06 01:37:01 |        train.py |    INFO |      train | Best validation metric found ... Saving ...
2021-02-06 01:37:01 |        train.py |    INFO |      train | Epoch 2.2557544757033248 Loss : 1.4279005527496338
2021-02-06 01:37:01 |        train.py |    INFO |      train | Validation Accuracy : 0.2159
2021-02-06 01:37:01 |        train.py |    INFO |      train | Epoch 2.3836317135549874 Loss : 1.3227957487106323
2021-02-06 01:37:02 |        train.py |    INFO |      train | Validation Accuracy : 0.2414
2021-02-06 01:37:02 |        train.py |    INFO |      train | Best validation metric found ... Saving ...
2021-02-06 01:37:02 |        train.py |    INFO |      train | Epoch 2.5115089514066495 Loss : 1.3145922422409058
2021-02-06 01:37:02 |        train.py |    INFO |      train | Validation Accuracy : 0.2467
2021-02-06 01:37:02 |        train.py |    INFO |      train | Best validation metric found ... Saving ...
2021-02-06 01:37:02 |        train.py |    INFO |      train | Epoch 2.639386189258312 Loss : 1.1085829734802246
2021-02-06 01:37:02 |        train.py |    INFO |      train | Validation Accuracy : 0.2753
2021-02-06 01:37:02 |        train.py |    INFO |      train | Best validation metric found ... Saving ...
2021-02-06 01:37:03 |        train.py |    INFO |      train | Epoch 2.7672634271099743 Loss : 1.1943618059158325
2021-02-06 01:37:03 |        train.py |    INFO |      train | Validation Accuracy : 0.2833
2021-02-06 01:37:03 |        train.py |    INFO |      train | Best validation metric found ... Saving ...
2021-02-06 01:37:03 |        train.py |    INFO |      train | Epoch 2.895140664961637 Loss : 1.0205415487289429
2021-02-06 01:37:03 |        train.py |    INFO |      train | Validation Accuracy : 0.3048
2021-02-06 01:37:03 |        train.py |    INFO |      train | Best validation metric found ... Saving ...
2021-02-06 01:37:04 |        train.py |    INFO |      train | Begin Epoch 3 ...
2021-02-06 01:37:04 |        train.py |    INFO |      train | Epoch 3.1278772378516626 Loss : 0.9417037963867188
2021-02-06 01:37:04 |        train.py |    INFO |      train | Validation Accuracy : 0.3329
2021-02-06 01:37:04 |        train.py |    INFO |      train | Best validation metric found ... Saving ...
2021-02-06 01:37:05 |        train.py |    INFO |      train | Epoch 3.2557544757033248 Loss : 0.9374613761901855
2021-02-06 01:37:05 |        train.py |    INFO |      train | Validation Accuracy : 0.3463
2021-02-06 01:37:05 |        train.py |    INFO |      train | Best validation metric found ... Saving ...
2021-02-06 01:37:05 |        train.py |    INFO |      train | Epoch 3.3836317135549874 Loss : 1.0012362003326416
2021-02-06 01:37:05 |        train.py |    INFO |      train | Validation Accuracy : 0.3672
2021-02-06 01:37:05 |        train.py |    INFO |      train | Best validation metric found ... Saving ...
2021-02-06 01:37:06 |        train.py |    INFO |      train | Epoch 3.5115089514066495 Loss : 0.9049772024154663
2021-02-06 01:37:06 |        train.py |    INFO |      train | Validation Accuracy : 0.3954
2021-02-06 01:37:06 |        train.py |    INFO |      train | Best validation metric found ... Saving ...
2021-02-06 01:37:06 |        train.py |    INFO |      train | Epoch 3.639386189258312 Loss : 0.873522162437439
2021-02-06 01:37:06 |        train.py |    INFO |      train | Validation Accuracy : 0.3993
2021-02-06 01:37:06 |        train.py |    INFO |      train | Best validation metric found ... Saving ...
2021-02-06 01:37:07 |        train.py |    INFO |      train | Epoch 3.7672634271099743 Loss : 0.8520865440368652
2021-02-06 01:37:07 |        train.py |    INFO |      train | Validation Accuracy : 0.4116
2021-02-06 01:37:07 |        train.py |    INFO |      train | Best validation metric found ... Saving ...
2021-02-06 01:37:07 |        train.py |    INFO |      train | Epoch 3.895140664961637 Loss : 1.0134422779083252
2021-02-06 01:37:07 |        train.py |    INFO |      train | Validation Accuracy : 0.4007
2021-02-06 01:37:07 |        train.py |    INFO |      train | Begin Epoch 4 ...
2021-02-06 01:37:08 |        train.py |    INFO |      train | Epoch 4.127877237851663 Loss : 0.8283836841583252
2021-02-06 01:37:08 |        train.py |    INFO |      train | Validation Accuracy : 0.413
2021-02-06 01:37:08 |        train.py |    INFO |      train | Best validation metric found ... Saving ...
2021-02-06 01:37:08 |        train.py |    INFO |      train | Epoch 4.255754475703325 Loss : 0.7957674264907837
2021-02-06 01:37:08 |        train.py |    INFO |      train | Validation Accuracy : 0.3841
2021-02-06 01:37:09 |        train.py |    INFO |      train | Epoch 4.383631713554987 Loss : 0.9426920413970947
2021-02-06 01:37:09 |        train.py |    INFO |      train | Validation Accuracy : 0.4175
2021-02-06 01:37:09 |        train.py |    INFO |      train | Best validation metric found ... Saving ...
2021-02-06 01:37:09 |        train.py |    INFO |      train | Epoch 4.5115089514066495 Loss : 0.969323992729187
2021-02-06 01:37:09 |        train.py |    INFO |      train | Validation Accuracy : 0.3972
2021-02-06 01:37:10 |        train.py |    INFO |      train | Epoch 4.639386189258312 Loss : 0.9004663825035095
2021-02-06 01:37:10 |        train.py |    INFO |      train | Validation Accuracy : 0.3972
2021-02-06 01:37:10 |        train.py |    INFO |      train | Epoch 4.767263427109975 Loss : 0.8746514916419983
2021-02-06 01:37:10 |        train.py |    INFO |      train | Validation Accuracy : 0.4013
2021-02-06 01:37:11 |        train.py |    INFO |      train | Epoch 4.8951406649616365 Loss : 0.964904248714447
2021-02-06 01:37:11 |        train.py |    INFO |      train | Validation Accuracy : 0.4147
2021-02-06 01:37:11 |        train.py |    INFO |      train | Begin Epoch 5 ...
2021-02-06 01:37:11 |        train.py |    INFO |      train | Epoch 5.127877237851663 Loss : 0.8370603322982788
2021-02-06 01:37:11 |        train.py |    INFO |      train | Validation Accuracy : 0.387
2021-02-06 01:37:12 |        train.py |    INFO |      train | Epoch 5.255754475703325 Loss : 0.8059185743331909
2021-02-06 01:37:12 |        train.py |    INFO |      train | Validation Accuracy : 0.4075
2021-02-06 01:37:12 |        train.py |    INFO |      train | Epoch 5.383631713554987 Loss : 0.813603937625885
2021-02-06 01:37:12 |        train.py |    INFO |      train | Validation Accuracy : 0.3843
2021-02-06 01:37:13 |        train.py |    INFO |      train | Epoch 5.5115089514066495 Loss : 0.9830787777900696
2021-02-06 01:37:13 |        train.py |    INFO |      train | Validation Accuracy : 0.3858
2021-02-06 01:37:13 |        train.py |    INFO |      train | Epoch 5.639386189258312 Loss : 0.6949917078018188
2021-02-06 01:37:13 |        train.py |    INFO |      train | Validation Accuracy : 0.4145
2021-02-06 01:37:14 |        train.py |    INFO |      train | Epoch 5.767263427109975 Loss : 0.865902841091156
2021-02-06 01:37:14 |        train.py |    INFO |      train | Validation Accuracy : 0.4073
2021-02-06 01:37:14 |        train.py |    INFO |      train | Epoch 5.8951406649616365 Loss : 0.8558821678161621
2021-02-06 01:37:14 |        train.py |    INFO |      train | Validation Accuracy : 0.4102
2021-02-06 01:37:15 |        train.py |    INFO |      train | Begin Epoch 6 ...
2021-02-06 01:37:15 |        train.py |    INFO |      train | Epoch 6.127877237851663 Loss : 1.0531692504882812
2021-02-06 01:37:15 |        train.py |    INFO |      train | Validation Accuracy : 0.4154
2021-02-06 01:37:15 |        train.py |    INFO |      train | Epoch 6.255754475703325 Loss : 0.9259032607078552
2021-02-06 01:37:16 |        train.py |    INFO |      train | Validation Accuracy : 0.4187
2021-02-06 01:37:16 |        train.py |    INFO |      train | Best validation metric found ... Saving ...
2021-02-06 01:37:16 |        train.py |    INFO |      train | Epoch 6.383631713554987 Loss : 0.8771781325340271
2021-02-06 01:37:16 |        train.py |    INFO |      train | Validation Accuracy : 0.3835
2021-02-06 01:37:16 |        train.py |    INFO |      train | Epoch 6.5115089514066495 Loss : 0.9495512247085571
2021-02-06 01:37:17 |        train.py |    INFO |      train | Validation Accuracy : 0.3871
2021-02-06 01:37:17 |        train.py |    INFO |      train | Epoch 6.639386189258312 Loss : 0.9292338490486145
2021-02-06 01:37:17 |        train.py |    INFO |      train | Validation Accuracy : 0.3937
2021-02-06 01:37:17 |        train.py |    INFO |      train | Epoch 6.767263427109975 Loss : 1.0016260147094727
2021-02-06 01:37:18 |        train.py |    INFO |      train | Validation Accuracy : 0.3908
2021-02-06 01:37:18 |        train.py |    INFO |      train | Epoch 6.8951406649616365 Loss : 0.9757798910140991
2021-02-06 01:37:18 |        train.py |    INFO |      train | Validation Accuracy : 0.4137
2021-02-06 01:37:18 |        train.py |    INFO |      train | Begin Epoch 7 ...
2021-02-06 01:37:19 |        train.py |    INFO |      train | Epoch 7.127877237851663 Loss : 0.8865461349487305
2021-02-06 01:37:19 |        train.py |    INFO |      train | Validation Accuracy : 0.4175
2021-02-06 01:37:19 |        train.py |    INFO |      train | Epoch 7.255754475703325 Loss : 1.0050036907196045
2021-02-06 01:37:19 |        train.py |    INFO |      train | Validation Accuracy : 0.4217
2021-02-06 01:37:19 |        train.py |    INFO |      train | Best validation metric found ... Saving ...
2021-02-06 01:37:20 |        train.py |    INFO |      train | Epoch 7.383631713554987 Loss : 0.8769038319587708
2021-02-06 01:37:20 |        train.py |    INFO |      train | Validation Accuracy : 0.3933
2021-02-06 01:37:20 |        train.py |    INFO |      train | Epoch 7.5115089514066495 Loss : 0.8758906126022339
2021-02-06 01:37:20 |        train.py |    INFO |      train | Validation Accuracy : 0.4085
2021-02-06 01:37:21 |        train.py |    INFO |      train | Epoch 7.639386189258312 Loss : 0.9590734839439392
2021-02-06 01:37:21 |        train.py |    INFO |      train | Validation Accuracy : 0.4163
2021-02-06 01:37:21 |        train.py |    INFO |      train | Epoch 7.767263427109975 Loss : 0.7514333724975586
2021-02-06 01:37:21 |        train.py |    INFO |      train | Validation Accuracy : 0.4071
2021-02-06 01:37:22 |        train.py |    INFO |      train | Epoch 7.8951406649616365 Loss : 0.9981945157051086
2021-02-06 01:37:22 |        train.py |    INFO |      train | Validation Accuracy : 0.3933
2021-02-06 01:37:22 |        train.py |    INFO |      train | Begin Epoch 8 ...
2021-02-06 01:37:22 |        train.py |    INFO |      train | Epoch 8.127877237851662 Loss : 1.0479705333709717
2021-02-06 01:37:22 |        train.py |    INFO |      train | Validation Accuracy : 0.4155
2021-02-06 01:37:23 |        train.py |    INFO |      train | Epoch 8.255754475703325 Loss : 0.7935084104537964
2021-02-06 01:37:23 |        train.py |    INFO |      train | Validation Accuracy : 0.4151
2021-02-06 01:37:23 |        train.py |    INFO |      train | Epoch 8.383631713554987 Loss : 1.0526713132858276
2021-02-06 01:37:23 |        train.py |    INFO |      train | Validation Accuracy : 0.4176
2021-02-06 01:37:24 |        train.py |    INFO |      train | Epoch 8.51150895140665 Loss : 1.057031512260437
2021-02-06 01:37:24 |        train.py |    INFO |      train | Validation Accuracy : 0.4073
2021-02-06 01:37:24 |        train.py |    INFO |      train | Epoch 8.639386189258312 Loss : 0.7444466948509216
2021-02-06 01:37:24 |        train.py |    INFO |      train | Validation Accuracy : 0.4087
2021-02-06 01:37:25 |        train.py |    INFO |      train | Epoch 8.767263427109974 Loss : 1.0384551286697388
2021-02-06 01:37:25 |        train.py |    INFO |      train | Validation Accuracy : 0.4079
2021-02-06 01:37:25 |        train.py |    INFO |      train | Epoch 8.895140664961637 Loss : 0.8983218669891357
2021-02-06 01:37:25 |        train.py |    INFO |      train | Validation Accuracy : 0.4148
2021-02-06 01:37:26 |        train.py |    INFO |      train | Begin Epoch 9 ...
2021-02-06 01:37:26 |        train.py |    INFO |      train | Epoch 9.127877237851662 Loss : 0.8206057548522949
2021-02-06 01:37:26 |        train.py |    INFO |      train | Validation Accuracy : 0.3791
2021-02-06 01:37:26 |        train.py |    INFO |      train | Epoch 9.255754475703325 Loss : 0.9437706470489502
2021-02-06 01:37:27 |        train.py |    INFO |      train | Validation Accuracy : 0.4181
2021-02-06 01:37:27 |        train.py |    INFO |      train | Epoch 9.383631713554987 Loss : 0.978407621383667
2021-02-06 01:37:27 |        train.py |    INFO |      train | Validation Accuracy : 0.4269
2021-02-06 01:37:27 |        train.py |    INFO |      train | Best validation metric found ... Saving ...
2021-02-06 01:37:27 |        train.py |    INFO |      train | Epoch 9.51150895140665 Loss : 0.9353969097137451
2021-02-06 01:37:28 |        train.py |    INFO |      train | Validation Accuracy : 0.4123
2021-02-06 01:37:28 |        train.py |    INFO |      train | Epoch 9.639386189258312 Loss : 0.9020215272903442
2021-02-06 01:37:28 |        train.py |    INFO |      train | Validation Accuracy : 0.4234
2021-02-06 01:37:28 |        train.py |    INFO |      train | Epoch 9.767263427109974 Loss : 1.0239843130111694
2021-02-06 01:37:28 |        train.py |    INFO |      train | Validation Accuracy : 0.3986
2021-02-06 01:37:29 |        train.py |    INFO |      train | Epoch 9.895140664961637 Loss : 0.8974090218544006
2021-02-06 01:37:29 |        train.py |    INFO |      train | Validation Accuracy : 0.3759
2021-02-06 01:37:29 |        train.py |    INFO |   <module> | Training Finished ... Time Elapsed : 0.7862985014915467 min(s)
